<?xml version="1.0" encoding="UTF-8"?>
<testng-results skipped="0" failed="0" ignored="0" total="1" passed="1">
  <reporter-output>
  </reporter-output>
  <suite name="Default suite" duration-ms="787012" started-at="2020-09-22T16:12:00Z" finished-at="2020-09-22T16:25:07Z">
    <groups>
    </groups>
    <test name="Default test" duration-ms="787012" started-at="2020-09-22T16:12:00Z" finished-at="2020-09-22T16:25:07Z">
      <class name="applications.Timestamps_Login">
        <test-method status="PASS" signature="test()[pri:0, instance:applications.Timestamps_Login@7fc4780b]" name="test" duration-ms="786963" started-at="2020-09-22T11:12:00Z" finished-at="2020-09-22T11:25:07Z">
          <reporter-output>
          </reporter-output>
        </test-method> <!-- test -->
      </class> <!-- applications.Timestamps_Login -->
    </test> <!-- Default test -->
  </suite> <!-- Default suite -->
</testng-results>
